\BOOKMARK [2][-]{section*.4}{\376\377\000D\000i\000s\000c\000l\000a\000i\000m\000e\000r}{}% 1
\BOOKMARK [1][-]{section*.5}{\376\377\000T\000h\000e\000\040\000F\000o\000o\000d\000\040\000B\000a\000l\000a\000n\000c\000e\000\040\000S\000h\000e\000e\000t\000\040\000F\000r\000a\000m\000e\000w\000o\000r\000k}{}% 2
\BOOKMARK [2][-]{section*.6}{\376\377\000D\000e\000f\000i\000n\000i\000t\000i\000o\000n\000s}{section*.5}% 3
\BOOKMARK [2][-]{section*.7}{\376\377\000T\000h\000e\000\040\000B\000a\000l\000a\000n\000c\000i\000n\000g\000\040\000e\000q\000u\000a\000t\000i\000o\000n\000\040\000a\000n\000d\000\040\000i\000t\000s\000\040\000v\000a\000r\000i\000a\000b\000l\000e\000s}{section*.5}% 4
\BOOKMARK [1][-]{section*.8}{\376\377\000C\000o\000m\000m\000o\000d\000i\000t\000y\000\040\000T\000r\000e\000e}{}% 5
\BOOKMARK [1][-]{section*.11}{\376\377\000S\000t\000a\000n\000d\000a\000r\000d\000i\000z\000a\000t\000i\000o\000n\000\040\000a\000n\000d\000\040\000B\000a\000l\000a\000n\000c\000i\000n\000g}{}% 6
\BOOKMARK [1][-]{section.1}{\376\377\000D\000a\000t\000a\000\040\000P\000u\000l\000l}{}% 7
\BOOKMARK [2][-]{section*.14}{\376\377\000T\000h\000e\000\040\000I\000n\000i\000t\000i\000a\000l\000\040\000S\000u\000a\000\040\000U\000n\000b\000a\000l\000a\000n\000c\000e\000d}{section.1}% 8
\BOOKMARK [1][-]{section.2}{\376\377\000T\000h\000e\000\040\000S\000u\000a\000\040\000F\000i\000l\000l\000i\000n\000g}{}% 9
\BOOKMARK [2][-]{section*.16}{\376\377\000M\000a\000i\000n\000\040\000r\000u\000l\000e\000s\000\040\000a\000n\000d\000\040\000t\000h\000e\000\040\000r\000a\000t\000i\000o\000n\000a\000l\000e}{section.2}% 10
\BOOKMARK [2][-]{section*.19}{\376\377\000S\000t\000e\000p\000\040\0001\000:\000\040\000F\000i\000l\000l\000i\000n\000g\000\040\000o\000f\000\040\000p\000r\000o\000d\000u\000c\000t\000i\000o\000n\000\040\000f\000i\000g\000u\000r\000e\000s}{section.2}% 11
\BOOKMARK [2][-]{section*.22}{\376\377\000S\000t\000e\000p\000\040\0002\000:\000\040\000F\000i\000l\000l\000i\000n\000g\000\040\000o\000f\000\040\000f\000o\000o\000d\000\040\000p\000r\000o\000c\000e\000s\000s\000i\000n\000g}{section.2}% 12
\BOOKMARK [2][-]{section*.25}{\376\377\000S\000t\000e\000p\000\040\0003\000:\000\040\000F\000i\000l\000l\000i\000n\000g\000\040\000o\000f\000\040\000o\000t\000h\000e\000r\000\040\000m\000i\000s\000s\000i\000n\000g\000\040\000U\000t\000i\000l\000i\000z\000a\000t\000i\000o\000n\000s}{section.2}% 13
\BOOKMARK [3][-]{section*.28}{\376\377\000I\000m\000b\000a\000l\000a\000n\000c\000e\000\040\000=\000\040\0000\000\040\000\050\000S\000c\000e\000n\000a\000r\000i\000o\000\040\000A\000\051}{section*.25}% 14
\BOOKMARK [3][-]{section*.29}{\376\377\000I\000m\000b\000a\000l\000a\000n\000c\000e\000\040\000<\000\040\0000\000\040\000\050\000S\000c\000e\000n\000a\000r\000i\000o\000\040\000B\000\051}{section*.25}% 15
\BOOKMARK [3][-]{section*.32}{\376\377\000I\000m\000b\000a\000l\000a\000n\000c\000e\000\040\000>\000\040\0000\000\040\000\050\000S\000c\000e\000n\000a\000r\000i\000o\000\040\000C\000\051}{section*.25}% 16
\BOOKMARK [3][-]{section*.33}{\376\377\040\023\000>\000\040\000T\000h\000e\000\040\000U\000t\000i\000l\000i\000z\000a\000t\000i\000o\000n\000\040\000T\000a\000b\000l\000e}{section*.25}% 17
\BOOKMARK [3][-]{section*.35}{\376\377\040\023\000>\000\040\000T\000h\000e\000\040\000M\000u\000l\000t\000i\000p\000l\000e\000\040\000F\000i\000l\000l\000e\000r\000\040\000A\000p\000p\000r\000o\000a\000c\000h}{section*.25}% 18
\BOOKMARK [2][-]{section*.42}{\376\377\000T\000h\000e\000\040\000`\000`\000S\000u\000a\000\040\000B\000a\000l\000a\000n\000c\000e\000d\000'\000'\000\040\000t\000a\000b\000l\000e}{section.2}% 19
\BOOKMARK [2][-]{section*.43}{\376\377\000N\000u\000t\000r\000i\000t\000i\000v\000e\000\040\000V\000a\000l\000u\000e\000s\000\040\000a\000n\000d\000\040\000D\000E\000S\000\040\000c\000a\000l\000c\000u\000l\000a\000t\000i\000o\000n}{section.2}% 20
\BOOKMARK [1][-]{section.3}{\376\377\000S\000t\000a\000n\000d\000a\000r\000d\000i\000z\000a\000t\000i\000o\000n}{}% 21
\BOOKMARK [2][-]{section*.50}{\376\377\000T\000h\000e\000\040\000`\000`\000F\000b\000s\000\040\000S\000t\000a\000n\000d\000a\000r\000d\000i\000z\000e\000d\000'\000'\000\040\000t\000a\000b\000l\000e}{section.3}% 22
\BOOKMARK [1][-]{section.4}{\376\377\000T\000h\000e\000\040\000F\000B\000S\000\040\000B\000a\000l\000a\000n\000c\000i\000n\000g}{}% 23
\BOOKMARK [2][-]{section*.54}{\376\377\000N\000u\000t\000r\000i\000t\000i\000v\000e\000\040\000V\000a\000l\000u\000e\000s\000\040\000u\000p\000d\000a\000t\000e\000s}{section.4}% 24
\BOOKMARK [1][-]{section.5}{\376\377\000F\000i\000n\000a\000l\000\040\000a\000g\000g\000r\000e\000g\000a\000t\000i\000o\000n\000:\000\040\000F\000B\000S\000\040\000i\000t\000e\000m\000s\000\040\000a\000n\000d\000\040\000F\000B\000S\000\040\000a\000g\000g\000r\000e\000g\000a\000t\000e\000s}{}% 25
